01/02/20 17:51:29 INFO  [restartedMain][o.s.b.StartupInfoLogger] [] Starting NotebookApplication on zakarya with PID 16572 (started by zack in C:\Users\Lenovo T470\Documents\GitHub\oracle\notebook)
01/02/20 17:51:29 INFO  [restartedMain][o.s.b.SpringApplication] [] The following profiles are active: dev
01/02/20 17:51:32 INFO  [restartedMain][o.a.j.l.DirectJDKLog] [] Initializing ProtocolHandler ["http-nio-8080"]
01/02/20 17:51:32 INFO  [restartedMain][o.a.j.l.DirectJDKLog] [] Starting service [Tomcat]
01/02/20 17:51:32 INFO  [restartedMain][o.a.j.l.DirectJDKLog] [] Starting Servlet engine: [Apache Tomcat/9.0.30]
01/02/20 17:51:32 INFO  [restartedMain][o.a.j.l.DirectJDKLog] [] Initializing Spring embedded WebApplicationContext
01/02/20 17:51:33 INFO  [restartedMain][o.a.j.l.DirectJDKLog] [] Starting ProtocolHandler ["http-nio-8080"]
01/02/20 17:51:33 INFO  [restartedMain][o.s.b.StartupInfoLogger] [] Started NotebookApplication in 4.636 seconds (JVM running for 7.274)
01/02/20 17:52:12 INFO  [http-nio-8080-exec-2][o.a.j.l.DirectJDKLog] [] Initializing Spring DispatcherServlet 'dispatcherServlet'
01/02/20 17:52:12 INFO  [http-nio-8080-exec-2][c.o.n.c.NoteBookController] [] print('karim')
01/02/20 17:55:40 INFO  [http-nio-8080-exec-5][c.o.n.c.NoteBookController] [] %python print 1+1
01/02/20 18:02:55 INFO  [restartedMain][o.s.b.StartupInfoLogger] [] Starting NotebookApplication on zakarya with PID 5036 (started by zack in C:\Users\Lenovo T470\Documents\GitHub\oracle\notebook)
01/02/20 18:02:55 INFO  [restartedMain][o.s.b.SpringApplication] [] The following profiles are active: dev
01/02/20 18:02:58 INFO  [restartedMain][o.a.j.l.DirectJDKLog] [] Initializing ProtocolHandler ["http-nio-8080"]
01/02/20 18:02:58 INFO  [restartedMain][o.a.j.l.DirectJDKLog] [] Starting service [Tomcat]
01/02/20 18:02:58 INFO  [restartedMain][o.a.j.l.DirectJDKLog] [] Starting Servlet engine: [Apache Tomcat/9.0.30]
01/02/20 18:02:58 INFO  [restartedMain][o.a.j.l.DirectJDKLog] [] Initializing Spring embedded WebApplicationContext
01/02/20 18:02:59 INFO  [restartedMain][o.a.j.l.DirectJDKLog] [] Starting ProtocolHandler ["http-nio-8080"]
01/02/20 18:02:59 INFO  [restartedMain][o.s.b.StartupInfoLogger] [] Started NotebookApplication in 4.503 seconds (JVM running for 7.095)
01/02/20 18:03:03 INFO  [http-nio-8080-exec-3][o.a.j.l.DirectJDKLog] [] Initializing Spring DispatcherServlet 'dispatcherServlet'
01/02/20 18:03:04 INFO  [http-nio-8080-exec-3][c.o.n.c.NoteBookController] [] interpreter-name: %python
01/02/20 22:40:13 INFO  [restartedMain][o.s.b.StartupInfoLogger] [] Starting NotebookApplication on zakarya with PID 772 (started by zack in C:\Users\Lenovo T470\Documents\GitHub\oracle\notebook)
01/02/20 22:40:13 INFO  [restartedMain][o.s.b.SpringApplication] [] The following profiles are active: dev
01/02/20 22:40:16 INFO  [restartedMain][o.a.j.l.DirectJDKLog] [] Initializing ProtocolHandler ["http-nio-8080"]
01/02/20 22:40:16 INFO  [restartedMain][o.a.j.l.DirectJDKLog] [] Starting service [Tomcat]
01/02/20 22:40:16 INFO  [restartedMain][o.a.j.l.DirectJDKLog] [] Starting Servlet engine: [Apache Tomcat/9.0.30]
01/02/20 22:40:16 INFO  [restartedMain][o.a.j.l.DirectJDKLog] [] Initializing Spring embedded WebApplicationContext
01/02/20 22:40:17 INFO  [restartedMain][o.a.j.l.DirectJDKLog] [] Starting ProtocolHandler ["http-nio-8080"]
01/02/20 22:40:17 INFO  [restartedMain][o.s.b.StartupInfoLogger] [] Started NotebookApplication in 4.644 seconds (JVM running for 7.579)
01/02/20 22:40:21 INFO  [http-nio-8080-exec-1][o.a.j.l.DirectJDKLog] [] Initializing Spring DispatcherServlet 'dispatcherServlet'
01/02/20 22:40:21 INFO  [http-nio-8080-exec-1][c.o.n.c.NoteBookController] [] THIS IS PYTHON CODE !
01/02/20 22:40:52 INFO  [http-nio-8080-exec-3][c.o.n.c.NoteBookController] [] THIS IS PYTHON CODE !
01/02/20 22:41:08 ERROR [http-nio-8080-exec-4][c.o.n.c.NoteBookController] [] THIS ISN'T PYTHON CODE !
01/02/20 22:41:19 INFO  [http-nio-8080-exec-5][c.o.n.c.NoteBookController] [] THIS IS PYTHON CODE !
01/02/20 23:00:30 INFO  [restartedMain][o.s.b.StartupInfoLogger] [] Starting NotebookApplication on zakarya with PID 14408 (started by zack in C:\Users\Lenovo T470\Documents\GitHub\oracle\notebook)
01/02/20 23:00:30 INFO  [restartedMain][o.s.b.SpringApplication] [] The following profiles are active: dev
01/02/20 23:00:33 INFO  [restartedMain][o.a.j.l.DirectJDKLog] [] Initializing ProtocolHandler ["http-nio-8080"]
01/02/20 23:00:33 INFO  [restartedMain][o.a.j.l.DirectJDKLog] [] Starting service [Tomcat]
01/02/20 23:00:33 INFO  [restartedMain][o.a.j.l.DirectJDKLog] [] Starting Servlet engine: [Apache Tomcat/9.0.30]
01/02/20 23:00:33 INFO  [restartedMain][o.a.j.l.DirectJDKLog] [] Initializing Spring embedded WebApplicationContext
01/02/20 23:00:34 INFO  [restartedMain][o.a.j.l.DirectJDKLog] [] Starting ProtocolHandler ["http-nio-8080"]
01/02/20 23:00:34 INFO  [restartedMain][o.s.b.StartupInfoLogger] [] Started NotebookApplication in 4.753 seconds (JVM running for 7.34)
01/02/20 23:00:54 INFO  [http-nio-8080-exec-1][o.a.j.l.DirectJDKLog] [] Initializing Spring DispatcherServlet 'dispatcherServlet'
01/02/20 23:00:56 INFO  [http-nio-8080-exec-1][c.o.n.s.i.PythonInterpreterService] [] %pythonprint1+1
01/02/20 23:00:56 INFO  [http-nio-8080-exec-1][c.o.n.s.i.PythonInterpreterService] [] THIS IS PYTHON CODE !
01/02/20 23:00:56 INFO  [http-nio-8080-exec-1][c.o.n.s.i.PythonInterpreterService] [] %pythonprint1+1
01/02/20 23:00:56 INFO  [http-nio-8080-exec-1][c.o.n.s.i.PythonInterpreterService] [] THIS IS PYTHON CODE !
01/02/20 23:04:51 INFO  [restartedMain][o.s.b.StartupInfoLogger] [] Starting NotebookApplication on zakarya with PID 16404 (started by zack in C:\Users\Lenovo T470\Documents\GitHub\oracle\notebook)
01/02/20 23:04:51 INFO  [restartedMain][o.s.b.SpringApplication] [] The following profiles are active: dev
01/02/20 23:04:54 INFO  [restartedMain][o.a.j.l.DirectJDKLog] [] Initializing ProtocolHandler ["http-nio-8080"]
01/02/20 23:04:54 INFO  [restartedMain][o.a.j.l.DirectJDKLog] [] Starting service [Tomcat]
01/02/20 23:04:54 INFO  [restartedMain][o.a.j.l.DirectJDKLog] [] Starting Servlet engine: [Apache Tomcat/9.0.30]
01/02/20 23:04:54 INFO  [restartedMain][o.a.j.l.DirectJDKLog] [] Initializing Spring embedded WebApplicationContext
01/02/20 23:04:55 INFO  [restartedMain][o.a.j.l.DirectJDKLog] [] Starting ProtocolHandler ["http-nio-8080"]
01/02/20 23:04:55 INFO  [restartedMain][o.s.b.StartupInfoLogger] [] Started NotebookApplication in 4.739 seconds (JVM running for 7.395)
01/02/20 23:05:02 INFO  [http-nio-8080-exec-2][o.a.j.l.DirectJDKLog] [] Initializing Spring DispatcherServlet 'dispatcherServlet'
01/02/20 23:05:03 INFO  [http-nio-8080-exec-2][c.o.n.s.i.PythonInterpreterService] [] THIS IS PYTHON CODE !
01/02/20 23:05:03 INFO  [http-nio-8080-exec-2][c.o.n.s.i.PythonInterpreterService] [] THIS IS PYTHON CODE !
01/02/20 23:05:23 ERROR [http-nio-8080-exec-3][c.o.n.s.i.PythonInterpreterService] [] THIS ISN'T PYTHON CODE !
01/02/20 23:05:23 ERROR [http-nio-8080-exec-3][c.o.n.s.i.PythonInterpreterService] [] THIS ISN'T PYTHON CODE !
01/02/20 23:05:32 ERROR [http-nio-8080-exec-4][c.o.n.s.i.PythonInterpreterService] [] THIS ISN'T PYTHON CODE !
01/02/20 23:05:32 ERROR [http-nio-8080-exec-4][c.o.n.s.i.PythonInterpreterService] [] THIS ISN'T PYTHON CODE !
01/02/20 23:06:08 ERROR [http-nio-8080-exec-5][c.o.n.s.i.PythonInterpreterService] [] THIS ISN'T PYTHON CODE !
01/02/20 23:06:08 ERROR [http-nio-8080-exec-5][c.o.n.s.i.PythonInterpreterService] [] THIS ISN'T PYTHON CODE !
01/02/20 23:06:23 ERROR [http-nio-8080-exec-6][c.o.n.s.i.PythonInterpreterService] [] THIS ISN'T PYTHON CODE !
01/02/20 23:06:23 ERROR [http-nio-8080-exec-6][c.o.n.s.i.PythonInterpreterService] [] THIS ISN'T PYTHON CODE !
01/02/20 23:07:09 INFO  [http-nio-8080-exec-7][c.o.n.s.i.PythonInterpreterService] [] THIS IS PYTHON CODE !
01/02/20 23:07:09 INFO  [http-nio-8080-exec-7][c.o.n.s.i.PythonInterpreterService] [] THIS IS PYTHON CODE !
01/02/20 23:20:16 INFO  [restartedMain][o.s.b.StartupInfoLogger] [] Starting NotebookApplication on zakarya with PID 10264 (started by zack in C:\Users\Lenovo T470\Documents\GitHub\oracle\notebook)
01/02/20 23:20:16 INFO  [restartedMain][o.s.b.SpringApplication] [] The following profiles are active: dev
01/02/20 23:20:19 INFO  [restartedMain][o.a.j.l.DirectJDKLog] [] Initializing ProtocolHandler ["http-nio-8080"]
01/02/20 23:20:19 INFO  [restartedMain][o.a.j.l.DirectJDKLog] [] Starting service [Tomcat]
01/02/20 23:20:19 INFO  [restartedMain][o.a.j.l.DirectJDKLog] [] Starting Servlet engine: [Apache Tomcat/9.0.30]
01/02/20 23:20:19 INFO  [restartedMain][o.a.j.l.DirectJDKLog] [] Initializing Spring embedded WebApplicationContext
01/02/20 23:20:20 INFO  [restartedMain][o.a.j.l.DirectJDKLog] [] Starting ProtocolHandler ["http-nio-8080"]
01/02/20 23:20:20 INFO  [restartedMain][o.s.b.StartupInfoLogger] [] Started NotebookApplication in 4.799 seconds (JVM running for 7.577)
01/02/20 23:20:25 INFO  [http-nio-8080-exec-1][o.a.j.l.DirectJDKLog] [] Initializing Spring DispatcherServlet 'dispatcherServlet'
01/02/20 23:20:26 INFO  [http-nio-8080-exec-1][c.o.n.s.i.PythonInterpreterService] [] THIS IS PYTHON CODE !
01/02/20 23:20:27 INFO  [http-nio-8080-exec-1][c.o.n.s.i.PythonInterpreterService] [] THIS IS PYTHON CODE !
01/02/20 23:58:27 INFO  [restartedMain][o.s.b.StartupInfoLogger] [] Starting NotebookApplication on zakarya with PID 11212 (started by zack in C:\Users\Lenovo T470\Documents\GitHub\oracle\notebook)
01/02/20 23:58:27 INFO  [restartedMain][o.s.b.SpringApplication] [] The following profiles are active: dev
01/02/20 23:58:29 INFO  [restartedMain][o.a.j.l.DirectJDKLog] [] Initializing ProtocolHandler ["http-nio-8080"]
01/02/20 23:58:29 INFO  [restartedMain][o.a.j.l.DirectJDKLog] [] Starting service [Tomcat]
01/02/20 23:58:29 INFO  [restartedMain][o.a.j.l.DirectJDKLog] [] Starting Servlet engine: [Apache Tomcat/9.0.30]
01/02/20 23:58:29 INFO  [restartedMain][o.a.j.l.DirectJDKLog] [] Initializing Spring embedded WebApplicationContext
01/02/20 23:58:30 INFO  [restartedMain][o.a.j.l.DirectJDKLog] [] Starting ProtocolHandler ["http-nio-8080"]
01/02/20 23:58:30 INFO  [restartedMain][o.s.b.StartupInfoLogger] [] Started NotebookApplication in 4.221 seconds (JVM running for 6.746)
01/02/20 23:58:36 INFO  [http-nio-8080-exec-2][o.a.j.l.DirectJDKLog] [] Initializing Spring DispatcherServlet 'dispatcherServlet'
01/02/20 23:58:38 INFO  [http-nio-8080-exec-2][c.o.n.s.i.PythonInterpreterService] [] THIS IS PYTHON CODE !
01/02/20 23:58:38 INFO  [http-nio-8080-exec-2][c.o.n.s.i.PythonInterpreterService] [] org.python.util.PythonInterpreter@4b9696b5
01/02/20 23:58:38 INFO  [http-nio-8080-exec-2][c.o.n.s.i.PythonInterpreterService] [] THIS IS PYTHON CODE !
01/02/20 23:58:38 INFO  [http-nio-8080-exec-2][c.o.n.s.i.PythonInterpreterService] [] org.python.util.PythonInterpreter@218ea315
02/02/20 19:53:50 INFO  [restartedMain][o.s.b.StartupInfoLogger] [] Starting NotebookApplication on zakarya with PID 13068 (started by zack in C:\Users\Lenovo T470\Documents\GitHub\oracle\notebook)
02/02/20 19:53:50 INFO  [restartedMain][o.s.b.SpringApplication] [] The following profiles are active: dev
02/02/20 19:53:55 INFO  [restartedMain][o.a.j.l.DirectJDKLog] [] Initializing ProtocolHandler ["http-nio-8080"]
02/02/20 19:53:55 INFO  [restartedMain][o.a.j.l.DirectJDKLog] [] Starting service [Tomcat]
02/02/20 19:53:55 INFO  [restartedMain][o.a.j.l.DirectJDKLog] [] Starting Servlet engine: [Apache Tomcat/9.0.30]
02/02/20 19:53:55 INFO  [restartedMain][o.a.j.l.DirectJDKLog] [] Initializing Spring embedded WebApplicationContext
02/02/20 19:53:57 INFO  [restartedMain][o.a.j.l.DirectJDKLog] [] Starting ProtocolHandler ["http-nio-8080"]
02/02/20 19:53:57 INFO  [restartedMain][o.s.b.StartupInfoLogger] [] Started NotebookApplication in 8.07 seconds (JVM running for 14.004)
02/02/20 19:54:08 INFO  [http-nio-8080-exec-2][o.a.j.l.DirectJDKLog] [] Initializing Spring DispatcherServlet 'dispatcherServlet'
02/02/20 19:54:10 INFO  [http-nio-8080-exec-2][c.o.n.s.i.PythonInterpreterService] [] THIS IS PYTHON CODE !
02/02/20 19:54:10 INFO  [http-nio-8080-exec-2][c.o.n.s.i.PythonInterpreterService] [] THIS IS PYTHON CODE !
02/02/20 19:55:35 INFO  [http-nio-8080-exec-7][c.o.n.s.i.PythonInterpreterService] [] THIS IS PYTHON CODE !
02/02/20 19:55:35 INFO  [http-nio-8080-exec-7][c.o.n.s.i.PythonInterpreterService] [] THIS IS PYTHON CODE !
02/02/20 19:55:52 INFO  [http-nio-8080-exec-6][c.o.n.s.i.PythonInterpreterService] [] THIS IS PYTHON CODE !
02/02/20 19:55:52 INFO  [http-nio-8080-exec-6][c.o.n.s.i.PythonInterpreterService] [] THIS IS PYTHON CODE !
02/02/20 19:56:14 INFO  [http-nio-8080-exec-5][c.o.n.s.i.PythonInterpreterService] [] THIS IS PYTHON CODE !
02/02/20 19:56:14 ERROR [http-nio-8080-exec-5][o.a.j.l.DirectJDKLog] [] Servlet.service() for servlet [dispatcherServlet] in context with path [/oracle] threw exception [Request processing failed; nested exception is SyntaxError: ("mismatched input ' ' expecting EOF", ('<string>', 1, 1, ' print 2*8\n'))
] with root cause
org.python.core.PySyntaxError: null
	at org.python.core.ParserFacade.fixParseError(ParserFacade.java:92)
	at org.python.core.ParserFacade.parse(ParserFacade.java:201)
	at org.python.core.Py.compile_flags(Py.java:1737)
	at org.python.util.PythonInterpreter.exec(PythonInterpreter.java:206)
	at com.oracle.notebook.service.impl.PythonInterpreterService.interpretPythonCode(PythonInterpreterService.java:36)
	at com.oracle.notebook.controller.NoteBookController.execute(NoteBookController.java:28)
	at sun.reflect.NativeMethodAccessorImpl.invoke0(Native Method)
	at sun.reflect.NativeMethodAccessorImpl.invoke(NativeMethodAccessorImpl.java:62)
	at sun.reflect.DelegatingMethodAccessorImpl.invoke(DelegatingMethodAccessorImpl.java:43)
	at java.lang.reflect.Method.invoke(Method.java:498)
	at org.springframework.web.method.support.InvocableHandlerMethod.doInvoke(InvocableHandlerMethod.java:190)
	at org.springframework.web.method.support.InvocableHandlerMethod.invokeForRequest(InvocableHandlerMethod.java:138)
	at org.springframework.web.servlet.mvc.method.annotation.ServletInvocableHandlerMethod.invokeAndHandle(ServletInvocableHandlerMethod.java:106)
	at org.springframework.web.servlet.mvc.method.annotation.RequestMappingHandlerAdapter.invokeHandlerMethod(RequestMappingHandlerAdapter.java:888)
	at org.springframework.web.servlet.mvc.method.annotation.RequestMappingHandlerAdapter.handleInternal(RequestMappingHandlerAdapter.java:793)
	at org.springframework.web.servlet.mvc.method.AbstractHandlerMethodAdapter.handle(AbstractHandlerMethodAdapter.java:87)
	at org.springframework.web.servlet.DispatcherServlet.doDispatch(DispatcherServlet.java:1040)
	at org.springframework.web.servlet.DispatcherServlet.doService(DispatcherServlet.java:943)
	at org.springframework.web.servlet.FrameworkServlet.processRequest(FrameworkServlet.java:1006)
	at org.springframework.web.servlet.FrameworkServlet.doPost(FrameworkServlet.java:909)
	at javax.servlet.http.HttpServlet.service(HttpServlet.java:660)
	at org.springframework.web.servlet.FrameworkServlet.service(FrameworkServlet.java:883)
	at javax.servlet.http.HttpServlet.service(HttpServlet.java:741)
	at org.apache.catalina.core.ApplicationFilterChain.internalDoFilter(ApplicationFilterChain.java:231)
	at org.apache.catalina.core.ApplicationFilterChain.doFilter(ApplicationFilterChain.java:166)
	at org.apache.tomcat.websocket.server.WsFilter.doFilter(WsFilter.java:53)
	at org.apache.catalina.core.ApplicationFilterChain.internalDoFilter(ApplicationFilterChain.java:193)
	at org.apache.catalina.core.ApplicationFilterChain.doFilter(ApplicationFilterChain.java:166)
	at org.springframework.web.filter.RequestContextFilter.doFilterInternal(RequestContextFilter.java:100)
	at org.springframework.web.filter.OncePerRequestFilter.doFilter(OncePerRequestFilter.java:119)
	at org.apache.catalina.core.ApplicationFilterChain.internalDoFilter(ApplicationFilterChain.java:193)
	at org.apache.catalina.core.ApplicationFilterChain.doFilter(ApplicationFilterChain.java:166)
	at org.springframework.web.filter.FormContentFilter.doFilterInternal(FormContentFilter.java:93)
	at org.springframework.web.filter.OncePerRequestFilter.doFilter(OncePerRequestFilter.java:119)
	at org.apache.catalina.core.ApplicationFilterChain.internalDoFilter(ApplicationFilterChain.java:193)
	at org.apache.catalina.core.ApplicationFilterChain.doFilter(ApplicationFilterChain.java:166)
	at org.springframework.web.filter.CharacterEncodingFilter.doFilterInternal(CharacterEncodingFilter.java:201)
	at org.springframework.web.filter.OncePerRequestFilter.doFilter(OncePerRequestFilter.java:119)
	at org.apache.catalina.core.ApplicationFilterChain.internalDoFilter(ApplicationFilterChain.java:193)
	at org.apache.catalina.core.ApplicationFilterChain.doFilter(ApplicationFilterChain.java:166)
	at org.apache.catalina.core.StandardWrapperValve.invoke(StandardWrapperValve.java:202)
	at org.apache.catalina.core.StandardContextValve.invoke(StandardContextValve.java:96)
	at org.apache.catalina.authenticator.AuthenticatorBase.invoke(AuthenticatorBase.java:541)
	at org.apache.catalina.core.StandardHostValve.invoke(StandardHostValve.java:139)
	at org.apache.catalina.valves.ErrorReportValve.invoke(ErrorReportValve.java:92)
	at org.apache.catalina.core.StandardEngineValve.invoke(StandardEngineValve.java:74)
	at org.apache.catalina.connector.CoyoteAdapter.service(CoyoteAdapter.java:343)
	at org.apache.coyote.http11.Http11Processor.service(Http11Processor.java:367)
	at org.apache.coyote.AbstractProcessorLight.process(AbstractProcessorLight.java:65)
	at org.apache.coyote.AbstractProtocol$ConnectionHandler.process(AbstractProtocol.java:860)
	at org.apache.tomcat.util.net.NioEndpoint$SocketProcessor.doRun(NioEndpoint.java:1598)
	at org.apache.tomcat.util.net.SocketProcessorBase.run(SocketProcessorBase.java:49)
	at java.util.concurrent.ThreadPoolExecutor.runWorker(ThreadPoolExecutor.java:1149)
	at java.util.concurrent.ThreadPoolExecutor$Worker.run(ThreadPoolExecutor.java:624)
	at org.apache.tomcat.util.threads.TaskThread$WrappingRunnable.run(TaskThread.java:61)
	at java.lang.Thread.run(Thread.java:748)
02/02/20 21:53:48 INFO  [http-nio-8080-exec-4][c.o.n.s.i.PythonInterpreterService] [] THIS IS PYTHON CODE !
02/02/20 21:53:48 INFO  [http-nio-8080-exec-4][c.o.n.s.i.PythonInterpreterService] [] THIS IS PYTHON CODE !
02/02/20 22:09:31 INFO  [restartedMain][o.s.b.StartupInfoLogger] [] Starting NotebookApplication on zakarya with PID 13328 (started by zack in C:\Users\Lenovo T470\Documents\GitHub\oracle\notebook)
02/02/20 22:09:31 INFO  [restartedMain][o.s.b.SpringApplication] [] The following profiles are active: dev
02/02/20 22:09:34 INFO  [restartedMain][o.a.j.l.DirectJDKLog] [] Initializing ProtocolHandler ["http-nio-8080"]
02/02/20 22:09:34 INFO  [restartedMain][o.a.j.l.DirectJDKLog] [] Starting service [Tomcat]
02/02/20 22:09:34 INFO  [restartedMain][o.a.j.l.DirectJDKLog] [] Starting Servlet engine: [Apache Tomcat/9.0.30]
02/02/20 22:09:34 INFO  [restartedMain][o.a.j.l.DirectJDKLog] [] Initializing Spring embedded WebApplicationContext
02/02/20 22:09:34 INFO  [restartedMain][o.a.j.l.DirectJDKLog] [] Starting ProtocolHandler ["http-nio-8080"]
02/02/20 22:09:34 INFO  [restartedMain][o.s.b.StartupInfoLogger] [] Started NotebookApplication in 4.857 seconds (JVM running for 8.04)
02/02/20 22:09:39 INFO  [http-nio-8080-exec-2][o.a.j.l.DirectJDKLog] [] Initializing Spring DispatcherServlet 'dispatcherServlet'
02/02/20 22:09:42 INFO  [http-nio-8080-exec-2][c.o.n.s.i.PythonInterpreterService] [] THIS IS PYTHON CODE !
02/02/20 22:09:42 INFO  [http-nio-8080-exec-2][c.o.n.s.i.PythonInterpreterService] [] THIS IS PYTHON CODE !
03/02/20 00:15:01 INFO  [restartedMain][o.s.b.StartupInfoLogger] [] Starting NotebookApplication on zakarya with PID 15804 (started by zack in C:\Users\Lenovo T470\Documents\GitHub\oracle\notebook)
03/02/20 00:15:01 INFO  [restartedMain][o.s.b.SpringApplication] [] The following profiles are active: dev
03/02/20 00:15:04 INFO  [restartedMain][o.a.j.l.DirectJDKLog] [] Initializing ProtocolHandler ["http-nio-8080"]
03/02/20 00:15:04 INFO  [restartedMain][o.a.j.l.DirectJDKLog] [] Starting service [Tomcat]
03/02/20 00:15:04 INFO  [restartedMain][o.a.j.l.DirectJDKLog] [] Starting Servlet engine: [Apache Tomcat/9.0.30]
03/02/20 00:15:04 INFO  [restartedMain][o.a.j.l.DirectJDKLog] [] Initializing Spring embedded WebApplicationContext
03/02/20 00:15:04 INFO  [restartedMain][o.a.j.l.DirectJDKLog] [] Starting ProtocolHandler ["http-nio-8080"]
03/02/20 00:15:05 INFO  [restartedMain][o.s.b.StartupInfoLogger] [] Started NotebookApplication in 4.852 seconds (JVM running for 8.474)
03/02/20 00:15:34 INFO  [http-nio-8080-exec-1][o.a.j.l.DirectJDKLog] [] Initializing Spring DispatcherServlet 'dispatcherServlet'
03/02/20 00:15:39 INFO  [http-nio-8080-exec-1][c.o.n.s.i.PythonInterpreterService] [] THIS IS PYTHON CODE !
03/02/20 00:15:55 INFO  [http-nio-8080-exec-3][c.o.n.s.i.PythonInterpreterService] [] THIS IS PYTHON CODE !
03/02/20 00:17:30 INFO  [restartedMain][o.s.b.StartupInfoLogger] [] Starting NotebookApplication on zakarya with PID 16184 (started by zack in C:\Users\Lenovo T470\Documents\GitHub\oracle\notebook)
03/02/20 00:17:30 INFO  [restartedMain][o.s.b.SpringApplication] [] The following profiles are active: dev
03/02/20 00:17:33 INFO  [restartedMain][o.a.j.l.DirectJDKLog] [] Initializing ProtocolHandler ["http-nio-8080"]
03/02/20 00:17:33 INFO  [restartedMain][o.a.j.l.DirectJDKLog] [] Starting service [Tomcat]
03/02/20 00:17:33 INFO  [restartedMain][o.a.j.l.DirectJDKLog] [] Starting Servlet engine: [Apache Tomcat/9.0.30]
03/02/20 00:17:34 INFO  [restartedMain][o.a.j.l.DirectJDKLog] [] Initializing Spring embedded WebApplicationContext
03/02/20 00:17:34 INFO  [restartedMain][o.a.j.l.DirectJDKLog] [] Starting ProtocolHandler ["http-nio-8080"]
03/02/20 00:17:34 INFO  [restartedMain][o.s.b.StartupInfoLogger] [] Started NotebookApplication in 5.701 seconds (JVM running for 9.024)
03/02/20 00:17:43 INFO  [http-nio-8080-exec-1][o.a.j.l.DirectJDKLog] [] Initializing Spring DispatcherServlet 'dispatcherServlet'
03/02/20 00:17:45 ERROR [http-nio-8080-exec-1][c.o.n.s.i.PythonInterpreterService] [] THIS ISN'T PYTHON CODE !
03/02/20 00:17:55 INFO  [http-nio-8080-exec-3][c.o.n.s.i.PythonInterpreterService] [] THIS IS PYTHON CODE !
03/02/20 00:18:26 INFO  [restartedMain][o.s.b.StartupInfoLogger] [] Starting NotebookApplication on zakarya with PID 10868 (started by zack in C:\Users\Lenovo T470\Documents\GitHub\oracle\notebook)
03/02/20 00:18:26 INFO  [restartedMain][o.s.b.SpringApplication] [] The following profiles are active: dev
03/02/20 00:18:28 INFO  [restartedMain][o.a.j.l.DirectJDKLog] [] Initializing ProtocolHandler ["http-nio-8080"]
03/02/20 00:18:28 INFO  [restartedMain][o.a.j.l.DirectJDKLog] [] Starting service [Tomcat]
03/02/20 00:18:28 INFO  [restartedMain][o.a.j.l.DirectJDKLog] [] Starting Servlet engine: [Apache Tomcat/9.0.30]
03/02/20 00:18:28 INFO  [restartedMain][o.a.j.l.DirectJDKLog] [] Initializing Spring embedded WebApplicationContext
03/02/20 00:18:29 INFO  [restartedMain][o.a.j.l.DirectJDKLog] [] Starting ProtocolHandler ["http-nio-8080"]
03/02/20 00:18:29 INFO  [restartedMain][o.s.b.StartupInfoLogger] [] Started NotebookApplication in 4.438 seconds (JVM running for 7.785)
03/02/20 00:18:39 INFO  [http-nio-8080-exec-2][o.a.j.l.DirectJDKLog] [] Initializing Spring DispatcherServlet 'dispatcherServlet'
03/02/20 00:18:40 INFO  [http-nio-8080-exec-2][c.o.n.s.i.PythonInterpreterService] [] THIS IS PYTHON CODE !
03/02/20 00:18:47 ERROR [http-nio-8080-exec-3][c.o.n.s.i.PythonInterpreterService] [] THIS ISN'T PYTHON CODE !
